<?xml version="1.0" encoding="UTF-8"?>
<coverage generated="1512472818344" clover="3.2.0">
  <project timestamp="1512472818345" name="All files">
    <metrics statements="63" coveredstatements="33" conditionals="156" coveredconditionals="73" methods="71" coveredmethods="37" elements="290" coveredelements="143" complexity="0" loc="63" ncloc="63" packages="2" files="5" classes="5">
      <package name="action">
        <metrics statements="7" coveredstatements="3" conditionals="4" coveredconditionals="3" methods="9" coveredmethods="1"/>
        <file name="userAction.js" path="C:\Users\577686\Documents\react_redux\React\React_Redux\src\action\userAction.js">
          <metrics statements="7" coveredstatements="3" conditionals="4" coveredconditionals="3" methods="9" coveredmethods="1"/>
          <line num="1" count="1" type="stmt"/>
          <line num="3" count="1" type="stmt"/>
          <line num="17" count="1" type="cond" truecount="3" falsecount="1"/>
          <line num="18" count="0" type="stmt"/>
          <line num="20" count="0" type="stmt"/>
          <line num="22" count="0" type="stmt"/>
          <line num="25" count="0" type="stmt"/>
        </file>
      </package>
      <package name="components">
        <metrics statements="56" coveredstatements="30" conditionals="152" coveredconditionals="70" methods="62" coveredmethods="36"/>
        <file name="Header.js" path="C:\Users\577686\Documents\react_redux\React\React_Redux\src\components\Header.js">
          <metrics statements="5" coveredstatements="4" conditionals="33" coveredconditionals="14" methods="11" coveredmethods="7"/>
          <line num="1" count="2" type="cond" truecount="5" falsecount="3"/>
          <line num="2" count="2" type="cond" truecount="9" falsecount="14"/>
          <line num="4" count="2" type="cond" truecount="0" falsecount="2"/>
          <line num="6" count="0" type="stmt"/>
          <line num="22" count="2" type="stmt"/>
        </file>
        <file name="Input.js" path="C:\Users\577686\Documents\react_redux\React\React_Redux\src\components\Input.js">
          <metrics statements="30" coveredstatements="12" conditionals="43" coveredconditionals="18" methods="26" coveredmethods="10"/>
          <line num="1" count="3" type="cond" truecount="5" falsecount="3"/>
          <line num="2" count="1" type="stmt"/>
          <line num="3" count="1" type="stmt"/>
          <line num="4" count="1" type="stmt"/>
          <line num="5" count="1" type="stmt"/>
          <line num="6" count="1" type="stmt"/>
          <line num="7" count="4" type="cond" truecount="13" falsecount="18"/>
          <line num="11" count="1" type="cond" truecount="0" falsecount="2"/>
          <line num="14" count="0" type="stmt"/>
          <line num="15" count="0" type="stmt"/>
          <line num="22" count="0" type="stmt"/>
          <line num="23" count="0" type="stmt"/>
          <line num="24" count="1" type="stmt"/>
          <line num="26" count="0" type="stmt"/>
          <line num="32" count="0" type="stmt"/>
          <line num="34" count="1" type="stmt"/>
          <line num="36" count="0" type="stmt"/>
          <line num="37" count="0" type="stmt"/>
          <line num="38" count="0" type="cond" truecount="0" falsecount="2"/>
          <line num="39" count="0" type="stmt"/>
          <line num="41" count="0" type="stmt"/>
          <line num="42" count="0" type="stmt"/>
          <line num="43" count="0" type="stmt"/>
          <line num="44" count="0" type="stmt"/>
          <line num="51" count="0" type="stmt"/>
          <line num="55" count="0" type="stmt"/>
          <line num="62" count="1" type="stmt"/>
          <line num="66" count="0" type="stmt"/>
          <line num="71" count="0" type="stmt"/>
          <line num="76" count="1" type="stmt"/>
        </file>
        <file name="Item.js" path="C:\Users\577686\Documents\react_redux\React\React_Redux\src\components\Item.js">
          <metrics statements="16" coveredstatements="9" conditionals="43" coveredconditionals="18" methods="14" coveredmethods="8"/>
          <line num="1" count="1" type="cond" truecount="5" falsecount="3"/>
          <line num="2" count="1" type="stmt"/>
          <line num="3" count="1" type="stmt"/>
          <line num="4" count="1" type="stmt"/>
          <line num="5" count="1" type="stmt"/>
          <line num="6" count="2" type="cond" truecount="13" falsecount="18"/>
          <line num="7" count="1" type="cond" truecount="0" falsecount="2"/>
          <line num="9" count="0" type="stmt"/>
          <line num="10" count="0" type="cond" truecount="0" falsecount="2"/>
          <line num="11" count="0" type="stmt"/>
          <line num="13" count="0" type="stmt"/>
          <line num="20" count="0" type="stmt"/>
          <line num="30" count="1" type="stmt"/>
          <line num="33" count="0" type="stmt"/>
          <line num="38" count="0" type="stmt"/>
          <line num="43" count="1" type="stmt"/>
        </file>
        <file name="Result.js" path="C:\Users\577686\Documents\react_redux\React\React_Redux\src\components\Result.js">
          <metrics statements="5" coveredstatements="5" conditionals="33" coveredconditionals="20" methods="11" coveredmethods="11"/>
          <line num="1" count="2" type="cond" truecount="5" falsecount="3"/>
          <line num="2" count="4" type="cond" truecount="14" falsecount="9"/>
          <line num="3" count="2" type="cond" truecount="1" falsecount="1"/>
          <line num="5" count="1" type="stmt"/>
          <line num="11" count="2" type="stmt"/>
        </file>
      </package>
    </metrics>
  </project>
</coverage>
