{"C:\\Users\\577686\\Documents\\react_redux\\React\\React_Redux\\src\\action\\userAction.js": {"path":"C:\\Users\\577686\\Documents\\react_redux\\React\\React_Redux\\src\\action\\userAction.js","statementMap":{"0":{"start":{"line":1,"column":13},"end":{"line":1,"column":75}},"1":{"start":{"line":1,"column":75},"end":{"line":3,"column":24}},"2":{"start":{"line":3,"column":24},"end":{"line":17,"column":24}},"3":{"start":{"line":17,"column":37},"end":{"line":17,"column":53}},"4":{"start":{"line":17,"column":68},"end":{"line":17,"column":98}},"5":{"start":{"line":17,"column":137},"end":{"line":17,"column":193}},"6":{"start":{"line":17,"column":221},"end":{"line":17,"column":478}},"7":{"start":{"line":17,"column":249},"end":{"line":17,"column":476}},"8":{"start":{"line":17,"column":345},"end":{"line":17,"column":391}},"9":{"start":{"line":17,"column":421},"end":{"line":17,"column":473}},"10":{"start":{"line":18,"column":2},"end":{"line":29,"column":4}},"11":{"start":{"line":20,"column":4},"end":{"line":26,"column":7}},"12":{"start":{"line":22,"column":6},"end":{"line":22,"column":55}},"13":{"start":{"line":25,"column":6},"end":{"line":25,"column":58}}},"fnMap":{"0":{"name":"_interopRequireDefault","decl":{"start":{"line":17,"column":108},"end":{"line":17,"column":130}},"loc":{"start":{"line":17,"column":136},"end":{"line":17,"column":194}},"line":17},"1":{"name":"addNewUser","decl":{"start":{"line":17,"column":203},"end":{"line":17,"column":213}},"loc":{"start":{"line":17,"column":220},"end":{"line":17,"column":479}},"line":17},"2":{"name":"(anonymous_2)","decl":{"start":{"line":17,"column":228},"end":{"line":17,"column":229}},"loc":{"start":{"line":17,"column":248},"end":{"line":17,"column":477}},"line":17},"3":{"name":"(anonymous_3)","decl":{"start":{"line":17,"column":324},"end":{"line":17,"column":325}},"loc":{"start":{"line":17,"column":344},"end":{"line":17,"column":392}},"line":17},"4":{"name":"(anonymous_4)","decl":{"start":{"line":17,"column":403},"end":{"line":17,"column":404}},"loc":{"start":{"line":17,"column":420},"end":{"line":17,"column":474}},"line":17},"5":{"name":"logoutUser","decl":{"start":{"line":17,"column":488},"end":{"line":17,"column":498}},"loc":{"start":{"line":17,"column":505},"end":{"line":30,"column":1}},"line":17},"6":{"name":"(anonymous_6)","decl":{"start":{"line":18,"column":9},"end":{"line":18,"column":10}},"loc":{"start":{"line":18,"column":29},"end":{"line":29,"column":3}},"line":18},"7":{"name":"(anonymous_7)","decl":{"start":{"line":21,"column":9},"end":{"line":21,"column":10}},"loc":{"start":{"line":21,"column":29},"end":{"line":23,"column":5}},"line":21},"8":{"name":"(anonymous_8)","decl":{"start":{"line":24,"column":4},"end":{"line":24,"column":5}},"loc":{"start":{"line":24,"column":21},"end":{"line":26,"column":5}},"line":24}},"branchMap":{"0":{"loc":{"start":{"line":17,"column":144},"end":{"line":17,"column":192}},"type":"cond-expr","locations":[{"start":{"line":17,"column":168},"end":{"line":17,"column":171}},{"start":{"line":17,"column":174},"end":{"line":17,"column":192}}],"line":17},"1":{"loc":{"start":{"line":17,"column":144},"end":{"line":17,"column":165}},"type":"binary-expr","locations":[{"start":{"line":17,"column":144},"end":{"line":17,"column":147}},{"start":{"line":17,"column":151},"end":{"line":17,"column":165}}],"line":17}},"s":{"0":1,"1":1,"2":1,"3":1,"4":1,"5":1,"6":0,"7":0,"8":0,"9":0,"10":0,"11":0,"12":0,"13":0},"f":{"0":1,"1":0,"2":0,"3":0,"4":0,"5":0,"6":0,"7":0,"8":0},"b":{"0":[0,1],"1":[1,1]},"_coverageSchema":"332fd63041d2c1bcb487cc26dd0d5f7d97098a6c","hash":"716b0ade313dbe9047727010a737760c5c396fc0"}
,"C:\\Users\\577686\\Documents\\react_redux\\React\\React_Redux\\src\\components\\Header.js": {"path":"C:\\Users\\577686\\Documents\\react_redux\\React\\React_Redux\\src\\components\\Header.js","statementMap":{"0":{"start":{"line":1,"column":13},"end":{"line":1,"column":75}},"1":{"start":{"line":1,"column":94},"end":{"line":1,"column":623}},"2":{"start":{"line":1,"column":149},"end":{"line":1,"column":414}},"3":{"start":{"line":1,"column":206},"end":{"line":1,"column":214}},"4":{"start":{"line":1,"column":215},"end":{"line":1,"column":270}},"5":{"start":{"line":1,"column":270},"end":{"line":1,"column":301}},"6":{"start":{"line":1,"column":301},"end":{"line":1,"column":355}},"7":{"start":{"line":1,"column":328},"end":{"line":1,"column":355}},"8":{"start":{"line":1,"column":355},"end":{"line":1,"column":413}},"9":{"start":{"line":1,"column":415},"end":{"line":1,"column":620}},"10":{"start":{"line":1,"column":471},"end":{"line":1,"column":539}},"11":{"start":{"line":1,"column":487},"end":{"line":1,"column":539}},"12":{"start":{"line":1,"column":539},"end":{"line":1,"column":599}},"13":{"start":{"line":1,"column":556},"end":{"line":1,"column":599}},"14":{"start":{"line":1,"column":599},"end":{"line":1,"column":618}},"15":{"start":{"line":1,"column":637},"end":{"line":1,"column":653}},"16":{"start":{"line":1,"column":668},"end":{"line":1,"column":698}},"17":{"start":{"line":2,"column":19},"end":{"line":2,"column":42}},"18":{"start":{"line":2,"column":81},"end":{"line":2,"column":137}},"19":{"start":{"line":2,"column":187},"end":{"line":2,"column":286}},"20":{"start":{"line":2,"column":228},"end":{"line":2,"column":285}},"21":{"start":{"line":2,"column":336},"end":{"line":2,"column":435}},"22":{"start":{"line":2,"column":348},"end":{"line":2,"column":434}},"23":{"start":{"line":2,"column":435},"end":{"line":2,"column":521}},"24":{"start":{"line":2,"column":564},"end":{"line":2,"column":727}},"25":{"start":{"line":2,"column":626},"end":{"line":2,"column":726}},"26":{"start":{"line":2,"column":727},"end":{"line":2,"column":891}},"27":{"start":{"line":2,"column":891},"end":{"line":2,"column":1009}},"28":{"start":{"line":2,"column":907},"end":{"line":2,"column":1009}},"29":{"start":{"line":4,"column":9},"end":{"line":22,"column":80}},"30":{"start":{"line":4,"column":38},"end":{"line":4,"column":74}},"31":{"start":{"line":4,"column":93},"end":{"line":4,"column":123}},"32":{"start":{"line":4,"column":123},"end":{"line":4,"column":239}},"33":{"start":{"line":4,"column":240},"end":{"line":22,"column":35}},"34":{"start":{"line":6,"column":16},"end":{"line":16,"column":168}},"35":{"start":{"line":22,"column":13},"end":{"line":22,"column":27}},"36":{"start":{"line":22,"column":35},"end":{"line":22,"column":49}},"37":{"start":{"line":22,"column":81},"end":{"line":22,"column":109}}},"fnMap":{"0":{"name":"(anonymous_0)","decl":{"start":{"line":1,"column":94},"end":{"line":1,"column":95}},"loc":{"start":{"line":1,"column":106},"end":{"line":1,"column":621}},"line":1},"1":{"name":"defineProperties","decl":{"start":{"line":1,"column":116},"end":{"line":1,"column":132}},"loc":{"start":{"line":1,"column":148},"end":{"line":1,"column":415}},"line":1},"2":{"name":"(anonymous_2)","decl":{"start":{"line":1,"column":422},"end":{"line":1,"column":423}},"loc":{"start":{"line":1,"column":470},"end":{"line":1,"column":619}},"line":1},"3":{"name":"_interopRequireDefault","decl":{"start":{"line":2,"column":52},"end":{"line":2,"column":74}},"loc":{"start":{"line":2,"column":80},"end":{"line":2,"column":138}},"line":2},"4":{"name":"_classCallCheck","decl":{"start":{"line":2,"column":147},"end":{"line":2,"column":162}},"loc":{"start":{"line":2,"column":186},"end":{"line":2,"column":287}},"line":2},"5":{"name":"_possibleConstructorReturn","decl":{"start":{"line":2,"column":296},"end":{"line":2,"column":322}},"loc":{"start":{"line":2,"column":335},"end":{"line":2,"column":522}},"line":2},"6":{"name":"_inherits","decl":{"start":{"line":2,"column":531},"end":{"line":2,"column":540}},"loc":{"start":{"line":2,"column":563},"end":{"line":2,"column":1010}},"line":2},"7":{"name":"(anonymous_7)","decl":{"start":{"line":4,"column":9},"end":{"line":4,"column":10}},"loc":{"start":{"line":4,"column":37},"end":{"line":22,"column":50}},"line":4},"8":{"name":"Header","decl":{"start":{"line":4,"column":83},"end":{"line":4,"column":89}},"loc":{"start":{"line":4,"column":92},"end":{"line":4,"column":240}},"line":4},"9":{"name":"(anonymous_9)","decl":{"start":{"line":4,"column":286},"end":{"line":4,"column":287}},"loc":{"start":{"line":4,"column":298},"end":{"line":22,"column":28}},"line":4},"10":{"name":"render","decl":{"start":{"line":4,"column":308},"end":{"line":4,"column":314}},"loc":{"start":{"line":5,"column":12},"end":{"line":22,"column":13}},"line":5}},"branchMap":{"0":{"loc":{"start":{"line":1,"column":239},"end":{"line":1,"column":269}},"type":"binary-expr","locations":[{"start":{"line":1,"column":239},"end":{"line":1,"column":260}},{"start":{"line":1,"column":264},"end":{"line":1,"column":269}}],"line":1},"1":{"loc":{"start":{"line":1,"column":301},"end":{"line":1,"column":355}},"type":"if","locations":[{"start":{"line":1,"column":301},"end":{"line":1,"column":355}},{"start":{"line":1,"column":301},"end":{"line":1,"column":355}}],"line":1},"2":{"loc":{"start":{"line":1,"column":471},"end":{"line":1,"column":539}},"type":"if","locations":[{"start":{"line":1,"column":471},"end":{"line":1,"column":539}},{"start":{"line":1,"column":471},"end":{"line":1,"column":539}}],"line":1},"3":{"loc":{"start":{"line":1,"column":539},"end":{"line":1,"column":599}},"type":"if","locations":[{"start":{"line":1,"column":539},"end":{"line":1,"column":599}},{"start":{"line":1,"column":539},"end":{"line":1,"column":599}}],"line":1},"4":{"loc":{"start":{"line":2,"column":88},"end":{"line":2,"column":136}},"type":"cond-expr","locations":[{"start":{"line":2,"column":112},"end":{"line":2,"column":115}},{"start":{"line":2,"column":118},"end":{"line":2,"column":136}}],"line":2},"5":{"loc":{"start":{"line":2,"column":88},"end":{"line":2,"column":109}},"type":"binary-expr","locations":[{"start":{"line":2,"column":88},"end":{"line":2,"column":91}},{"start":{"line":2,"column":95},"end":{"line":2,"column":109}}],"line":2},"6":{"loc":{"start":{"line":2,"column":187},"end":{"line":2,"column":286}},"type":"if","locations":[{"start":{"line":2,"column":187},"end":{"line":2,"column":286}},{"start":{"line":2,"column":187},"end":{"line":2,"column":286}}],"line":2},"7":{"loc":{"start":{"line":2,"column":336},"end":{"line":2,"column":435}},"type":"if","locations":[{"start":{"line":2,"column":336},"end":{"line":2,"column":435}},{"start":{"line":2,"column":336},"end":{"line":2,"column":435}}],"line":2},"8":{"loc":{"start":{"line":2,"column":442},"end":{"line":2,"column":520}},"type":"cond-expr","locations":[{"start":{"line":2,"column":509},"end":{"line":2,"column":513}},{"start":{"line":2,"column":516},"end":{"line":2,"column":520}}],"line":2},"9":{"loc":{"start":{"line":2,"column":442},"end":{"line":2,"column":506}},"type":"binary-expr","locations":[{"start":{"line":2,"column":442},"end":{"line":2,"column":446}},{"start":{"line":2,"column":451},"end":{"line":2,"column":475}},{"start":{"line":2,"column":479},"end":{"line":2,"column":505}}],"line":2},"10":{"loc":{"start":{"line":2,"column":564},"end":{"line":2,"column":727}},"type":"if","locations":[{"start":{"line":2,"column":564},"end":{"line":2,"column":727}},{"start":{"line":2,"column":564},"end":{"line":2,"column":727}}],"line":2},"11":{"loc":{"start":{"line":2,"column":568},"end":{"line":2,"column":623}},"type":"binary-expr","locations":[{"start":{"line":2,"column":568},"end":{"line":2,"column":600}},{"start":{"line":2,"column":604},"end":{"line":2,"column":623}}],"line":2},"12":{"loc":{"start":{"line":2,"column":762},"end":{"line":2,"column":796}},"type":"binary-expr","locations":[{"start":{"line":2,"column":762},"end":{"line":2,"column":772}},{"start":{"line":2,"column":776},"end":{"line":2,"column":796}}],"line":2},"13":{"loc":{"start":{"line":2,"column":891},"end":{"line":2,"column":1009}},"type":"if","locations":[{"start":{"line":2,"column":891},"end":{"line":2,"column":1009}},{"start":{"line":2,"column":891},"end":{"line":2,"column":1009}}],"line":2},"14":{"loc":{"start":{"line":2,"column":907},"end":{"line":2,"column":1008}},"type":"cond-expr","locations":[{"start":{"line":2,"column":931},"end":{"line":2,"column":974}},{"start":{"line":2,"column":977},"end":{"line":2,"column":1008}}],"line":2},"15":{"loc":{"start":{"line":4,"column":164},"end":{"line":4,"column":213}},"type":"binary-expr","locations":[{"start":{"line":4,"column":164},"end":{"line":4,"column":180}},{"start":{"line":4,"column":184},"end":{"line":4,"column":213}}],"line":4}},"s":{"0":2,"1":2,"2":2,"3":2,"4":2,"5":2,"6":2,"7":2,"8":2,"9":2,"10":2,"11":2,"12":2,"13":0,"14":2,"15":2,"16":2,"17":2,"18":2,"19":0,"20":0,"21":0,"22":0,"23":0,"24":2,"25":0,"26":2,"27":2,"28":2,"29":2,"30":2,"31":0,"32":0,"33":2,"34":0,"35":2,"36":2,"37":2},"f":{"0":2,"1":2,"2":2,"3":2,"4":0,"5":0,"6":2,"7":2,"8":0,"9":2,"10":0},"b":{"0":[2,2],"1":[2,0],"2":[2,0],"3":[0,2],"4":[0,2],"5":[2,2],"6":[0,0],"7":[0,0],"8":[0,0],"9":[0,0,0],"10":[0,2],"11":[2,0],"12":[2,2],"13":[2,0],"14":[2,0],"15":[0,0]},"_coverageSchema":"332fd63041d2c1bcb487cc26dd0d5f7d97098a6c","hash":"2995d7265fcf610be33dc25c20f1e95d325e4ff1"}
,"C:\\Users\\577686\\Documents\\react_redux\\React\\React_Redux\\src\\components\\Input.js": {"path":"C:\\Users\\577686\\Documents\\react_redux\\React\\React_Redux\\src\\components\\Input.js","statementMap":{"0":{"start":{"line":1,"column":13},"end":{"line":1,"column":75}},"1":{"start":{"line":1,"column":94},"end":{"line":1,"column":623}},"2":{"start":{"line":1,"column":149},"end":{"line":1,"column":414}},"3":{"start":{"line":1,"column":206},"end":{"line":1,"column":214}},"4":{"start":{"line":1,"column":215},"end":{"line":1,"column":270}},"5":{"start":{"line":1,"column":270},"end":{"line":1,"column":301}},"6":{"start":{"line":1,"column":301},"end":{"line":1,"column":355}},"7":{"start":{"line":1,"column":328},"end":{"line":1,"column":355}},"8":{"start":{"line":1,"column":355},"end":{"line":1,"column":413}},"9":{"start":{"line":1,"column":415},"end":{"line":1,"column":620}},"10":{"start":{"line":1,"column":471},"end":{"line":1,"column":539}},"11":{"start":{"line":1,"column":487},"end":{"line":1,"column":539}},"12":{"start":{"line":1,"column":539},"end":{"line":1,"column":599}},"13":{"start":{"line":1,"column":556},"end":{"line":1,"column":599}},"14":{"start":{"line":1,"column":599},"end":{"line":1,"column":618}},"15":{"start":{"line":1,"column":637},"end":{"line":1,"column":653}},"16":{"start":{"line":1,"column":668},"end":{"line":1,"column":698}},"17":{"start":{"line":2,"column":18},"end":{"line":2,"column":40}},"18":{"start":{"line":3,"column":13},"end":{"line":3,"column":29}},"19":{"start":{"line":4,"column":18},"end":{"line":4,"column":49}},"20":{"start":{"line":4,"column":67},"end":{"line":4,"column":103}},"21":{"start":{"line":5,"column":12},"end":{"line":5,"column":29}},"22":{"start":{"line":5,"column":43},"end":{"line":5,"column":72}},"23":{"start":{"line":6,"column":14},"end":{"line":6,"column":33}},"24":{"start":{"line":6,"column":49},"end":{"line":6,"column":80}},"25":{"start":{"line":7,"column":14},"end":{"line":7,"column":33}},"26":{"start":{"line":7,"column":49},"end":{"line":7,"column":80}},"27":{"start":{"line":7,"column":120},"end":{"line":7,"column":339}},"28":{"start":{"line":7,"column":148},"end":{"line":7,"column":159}},"29":{"start":{"line":7,"column":180},"end":{"line":7,"column":182}},"30":{"start":{"line":7,"column":183},"end":{"line":7,"column":300}},"31":{"start":{"line":7,"column":201},"end":{"line":7,"column":299}},"32":{"start":{"line":7,"column":223},"end":{"line":7,"column":298}},"33":{"start":{"line":7,"column":275},"end":{"line":7,"column":298}},"34":{"start":{"line":7,"column":300},"end":{"line":7,"column":324}},"35":{"start":{"line":7,"column":324},"end":{"line":7,"column":338}},"36":{"start":{"line":7,"column":378},"end":{"line":7,"column":434}},"37":{"start":{"line":7,"column":484},"end":{"line":7,"column":583}},"38":{"start":{"line":7,"column":525},"end":{"line":7,"column":582}},"39":{"start":{"line":7,"column":633},"end":{"line":7,"column":732}},"40":{"start":{"line":7,"column":645},"end":{"line":7,"column":731}},"41":{"start":{"line":7,"column":732},"end":{"line":7,"column":818}},"42":{"start":{"line":7,"column":861},"end":{"line":7,"column":1024}},"43":{"start":{"line":7,"column":923},"end":{"line":7,"column":1023}},"44":{"start":{"line":7,"column":1024},"end":{"line":7,"column":1188}},"45":{"start":{"line":7,"column":1188},"end":{"line":7,"column":1306}},"46":{"start":{"line":7,"column":1204},"end":{"line":7,"column":1306}},"47":{"start":{"line":11,"column":8},"end":{"line":62,"column":73}},"48":{"start":{"line":11,"column":37},"end":{"line":11,"column":72}},"49":{"start":{"line":11,"column":90},"end":{"line":11,"column":119}},"50":{"start":{"line":11,"column":119},"end":{"line":11,"column":233}},"51":{"start":{"line":11,"column":234},"end":{"line":62,"column":29}},"52":{"start":{"line":14,"column":8},"end":{"line":14,"column":31}},"53":{"start":{"line":15,"column":19},"end":{"line":19,"column":35}},"54":{"start":{"line":22,"column":8},"end":{"line":22,"column":43}},"55":{"start":{"line":23,"column":8},"end":{"line":23,"column":31}},"56":{"start":{"line":24,"column":7},"end":{"line":24,"column":26}},"57":{"start":{"line":26,"column":22},"end":{"line":30,"column":21}},"58":{"start":{"line":32,"column":8},"end":{"line":32,"column":46}},"59":{"start":{"line":34,"column":7},"end":{"line":34,"column":21}},"60":{"start":{"line":36,"column":20},"end":{"line":36,"column":24}},"61":{"start":{"line":37,"column":21},"end":{"line":37,"column":25}},"62":{"start":{"line":38,"column":8},"end":{"line":54,"column":9}},"63":{"start":{"line":39,"column":10},"end":{"line":45,"column":168}},"64":{"start":{"line":41,"column":206},"end":{"line":41,"column":225}},"65":{"start":{"line":41,"column":226},"end":{"line":41,"column":237}},"66":{"start":{"line":42,"column":204},"end":{"line":42,"column":221}},"67":{"start":{"line":42,"column":222},"end":{"line":42,"column":233}},"68":{"start":{"line":43,"column":217},"end":{"line":43,"column":242}},"69":{"start":{"line":43,"column":243},"end":{"line":43,"column":254}},"70":{"start":{"line":44,"column":214},"end":{"line":44,"column":235}},"71":{"start":{"line":44,"column":236},"end":{"line":44,"column":247}},"72":{"start":{"line":51,"column":10},"end":{"line":52,"column":140}},"73":{"start":{"line":55,"column":8},"end":{"line":58,"column":21}},"74":{"start":{"line":62,"column":7},"end":{"line":62,"column":21}},"75":{"start":{"line":62,"column":29},"end":{"line":62,"column":42}},"76":{"start":{"line":66,"column":2},"end":{"line":67,"column":23}},"77":{"start":{"line":71,"column":2},"end":{"line":72,"column":67}},"78":{"start":{"line":76,"column":1},"end":{"line":77,"column":69}}},"fnMap":{"0":{"name":"(anonymous_0)","decl":{"start":{"line":1,"column":94},"end":{"line":1,"column":95}},"loc":{"start":{"line":1,"column":106},"end":{"line":1,"column":621}},"line":1},"1":{"name":"defineProperties","decl":{"start":{"line":1,"column":116},"end":{"line":1,"column":132}},"loc":{"start":{"line":1,"column":148},"end":{"line":1,"column":415}},"line":1},"2":{"name":"(anonymous_2)","decl":{"start":{"line":1,"column":422},"end":{"line":1,"column":423}},"loc":{"start":{"line":1,"column":470},"end":{"line":1,"column":619}},"line":1},"3":{"name":"_interopRequireWildcard","decl":{"start":{"line":7,"column":90},"end":{"line":7,"column":113}},"loc":{"start":{"line":7,"column":119},"end":{"line":7,"column":340}},"line":7},"4":{"name":"_interopRequireDefault","decl":{"start":{"line":7,"column":349},"end":{"line":7,"column":371}},"loc":{"start":{"line":7,"column":377},"end":{"line":7,"column":435}},"line":7},"5":{"name":"_classCallCheck","decl":{"start":{"line":7,"column":444},"end":{"line":7,"column":459}},"loc":{"start":{"line":7,"column":483},"end":{"line":7,"column":584}},"line":7},"6":{"name":"_possibleConstructorReturn","decl":{"start":{"line":7,"column":593},"end":{"line":7,"column":619}},"loc":{"start":{"line":7,"column":632},"end":{"line":7,"column":819}},"line":7},"7":{"name":"_inherits","decl":{"start":{"line":7,"column":828},"end":{"line":7,"column":837}},"loc":{"start":{"line":7,"column":860},"end":{"line":7,"column":1307}},"line":7},"8":{"name":"(anonymous_8)","decl":{"start":{"line":11,"column":8},"end":{"line":11,"column":9}},"loc":{"start":{"line":11,"column":36},"end":{"line":62,"column":43}},"line":11},"9":{"name":"Input","decl":{"start":{"line":11,"column":81},"end":{"line":11,"column":86}},"loc":{"start":{"line":11,"column":89},"end":{"line":11,"column":234}},"line":11},"10":{"name":"(anonymous_10)","decl":{"start":{"line":11,"column":284},"end":{"line":11,"column":285}},"loc":{"start":{"line":11,"column":296},"end":{"line":24,"column":27}},"line":11},"11":{"name":"onClickSave","decl":{"start":{"line":11,"column":306},"end":{"line":11,"column":317}},"loc":{"start":{"line":13,"column":13},"end":{"line":24,"column":7}},"line":13},"12":{"name":"(anonymous_12)","decl":{"start":{"line":24,"column":57},"end":{"line":24,"column":58}},"loc":{"start":{"line":24,"column":69},"end":{"line":34,"column":22}},"line":24},"13":{"name":"logOut","decl":{"start":{"line":24,"column":79},"end":{"line":24,"column":85}},"loc":{"start":{"line":25,"column":6},"end":{"line":34,"column":7}},"line":25},"14":{"name":"(anonymous_14)","decl":{"start":{"line":34,"column":52},"end":{"line":34,"column":53}},"loc":{"start":{"line":34,"column":64},"end":{"line":62,"column":22}},"line":34},"15":{"name":"render","decl":{"start":{"line":34,"column":74},"end":{"line":34,"column":80}},"loc":{"start":{"line":36,"column":6},"end":{"line":62,"column":7}},"line":36},"16":{"name":"(anonymous_16)","decl":{"start":{"line":41,"column":173},"end":{"line":41,"column":174}},"loc":{"start":{"line":41,"column":185},"end":{"line":41,"column":238}},"line":41},"17":{"name":"ref","decl":{"start":{"line":41,"column":195},"end":{"line":41,"column":198}},"loc":{"start":{"line":41,"column":205},"end":{"line":41,"column":226}},"line":41},"18":{"name":"(anonymous_18)","decl":{"start":{"line":42,"column":172},"end":{"line":42,"column":173}},"loc":{"start":{"line":42,"column":184},"end":{"line":42,"column":234}},"line":42},"19":{"name":"ref","decl":{"start":{"line":42,"column":194},"end":{"line":42,"column":197}},"loc":{"start":{"line":42,"column":203},"end":{"line":42,"column":222}},"line":42},"20":{"name":"(anonymous_20)","decl":{"start":{"line":43,"column":181},"end":{"line":43,"column":182}},"loc":{"start":{"line":43,"column":193},"end":{"line":43,"column":255}},"line":43},"21":{"name":"ref","decl":{"start":{"line":43,"column":203},"end":{"line":43,"column":206}},"loc":{"start":{"line":43,"column":216},"end":{"line":43,"column":243}},"line":43},"22":{"name":"(anonymous_22)","decl":{"start":{"line":44,"column":180},"end":{"line":44,"column":181}},"loc":{"start":{"line":44,"column":192},"end":{"line":44,"column":248}},"line":44},"23":{"name":"ref","decl":{"start":{"line":44,"column":202},"end":{"line":44,"column":205}},"loc":{"start":{"line":44,"column":213},"end":{"line":44,"column":236}},"line":44},"24":{"name":"mapStateToProps","decl":{"start":{"line":65,"column":9},"end":{"line":65,"column":24}},"loc":{"start":{"line":65,"column":32},"end":{"line":69,"column":1}},"line":65},"25":{"name":"mapDispatchToProps","decl":{"start":{"line":70,"column":9},"end":{"line":70,"column":27}},"loc":{"start":{"line":70,"column":38},"end":{"line":76,"column":1}},"line":70}},"branchMap":{"0":{"loc":{"start":{"line":1,"column":239},"end":{"line":1,"column":269}},"type":"binary-expr","locations":[{"start":{"line":1,"column":239},"end":{"line":1,"column":260}},{"start":{"line":1,"column":264},"end":{"line":1,"column":269}}],"line":1},"1":{"loc":{"start":{"line":1,"column":301},"end":{"line":1,"column":355}},"type":"if","locations":[{"start":{"line":1,"column":301},"end":{"line":1,"column":355}},{"start":{"line":1,"column":301},"end":{"line":1,"column":355}}],"line":1},"2":{"loc":{"start":{"line":1,"column":471},"end":{"line":1,"column":539}},"type":"if","locations":[{"start":{"line":1,"column":471},"end":{"line":1,"column":539}},{"start":{"line":1,"column":471},"end":{"line":1,"column":539}}],"line":1},"3":{"loc":{"start":{"line":1,"column":539},"end":{"line":1,"column":599}},"type":"if","locations":[{"start":{"line":1,"column":539},"end":{"line":1,"column":599}},{"start":{"line":1,"column":539},"end":{"line":1,"column":599}}],"line":1},"4":{"loc":{"start":{"line":7,"column":120},"end":{"line":7,"column":339}},"type":"if","locations":[{"start":{"line":7,"column":120},"end":{"line":7,"column":339}},{"start":{"line":7,"column":120},"end":{"line":7,"column":339}}],"line":7},"5":{"loc":{"start":{"line":7,"column":124},"end":{"line":7,"column":145}},"type":"binary-expr","locations":[{"start":{"line":7,"column":124},"end":{"line":7,"column":127}},{"start":{"line":7,"column":131},"end":{"line":7,"column":145}}],"line":7},"6":{"loc":{"start":{"line":7,"column":183},"end":{"line":7,"column":300}},"type":"if","locations":[{"start":{"line":7,"column":183},"end":{"line":7,"column":300}},{"start":{"line":7,"column":183},"end":{"line":7,"column":300}}],"line":7},"7":{"loc":{"start":{"line":7,"column":223},"end":{"line":7,"column":298}},"type":"if","locations":[{"start":{"line":7,"column":223},"end":{"line":7,"column":298}},{"start":{"line":7,"column":223},"end":{"line":7,"column":298}}],"line":7},"8":{"loc":{"start":{"line":7,"column":385},"end":{"line":7,"column":433}},"type":"cond-expr","locations":[{"start":{"line":7,"column":409},"end":{"line":7,"column":412}},{"start":{"line":7,"column":415},"end":{"line":7,"column":433}}],"line":7},"9":{"loc":{"start":{"line":7,"column":385},"end":{"line":7,"column":406}},"type":"binary-expr","locations":[{"start":{"line":7,"column":385},"end":{"line":7,"column":388}},{"start":{"line":7,"column":392},"end":{"line":7,"column":406}}],"line":7},"10":{"loc":{"start":{"line":7,"column":484},"end":{"line":7,"column":583}},"type":"if","locations":[{"start":{"line":7,"column":484},"end":{"line":7,"column":583}},{"start":{"line":7,"column":484},"end":{"line":7,"column":583}}],"line":7},"11":{"loc":{"start":{"line":7,"column":633},"end":{"line":7,"column":732}},"type":"if","locations":[{"start":{"line":7,"column":633},"end":{"line":7,"column":732}},{"start":{"line":7,"column":633},"end":{"line":7,"column":732}}],"line":7},"12":{"loc":{"start":{"line":7,"column":739},"end":{"line":7,"column":817}},"type":"cond-expr","locations":[{"start":{"line":7,"column":806},"end":{"line":7,"column":810}},{"start":{"line":7,"column":813},"end":{"line":7,"column":817}}],"line":7},"13":{"loc":{"start":{"line":7,"column":739},"end":{"line":7,"column":803}},"type":"binary-expr","locations":[{"start":{"line":7,"column":739},"end":{"line":7,"column":743}},{"start":{"line":7,"column":748},"end":{"line":7,"column":772}},{"start":{"line":7,"column":776},"end":{"line":7,"column":802}}],"line":7},"14":{"loc":{"start":{"line":7,"column":861},"end":{"line":7,"column":1024}},"type":"if","locations":[{"start":{"line":7,"column":861},"end":{"line":7,"column":1024}},{"start":{"line":7,"column":861},"end":{"line":7,"column":1024}}],"line":7},"15":{"loc":{"start":{"line":7,"column":865},"end":{"line":7,"column":920}},"type":"binary-expr","locations":[{"start":{"line":7,"column":865},"end":{"line":7,"column":897}},{"start":{"line":7,"column":901},"end":{"line":7,"column":920}}],"line":7},"16":{"loc":{"start":{"line":7,"column":1059},"end":{"line":7,"column":1093}},"type":"binary-expr","locations":[{"start":{"line":7,"column":1059},"end":{"line":7,"column":1069}},{"start":{"line":7,"column":1073},"end":{"line":7,"column":1093}}],"line":7},"17":{"loc":{"start":{"line":7,"column":1188},"end":{"line":7,"column":1306}},"type":"if","locations":[{"start":{"line":7,"column":1188},"end":{"line":7,"column":1306}},{"start":{"line":7,"column":1188},"end":{"line":7,"column":1306}}],"line":7},"18":{"loc":{"start":{"line":7,"column":1204},"end":{"line":7,"column":1305}},"type":"cond-expr","locations":[{"start":{"line":7,"column":1228},"end":{"line":7,"column":1271}},{"start":{"line":7,"column":1274},"end":{"line":7,"column":1305}}],"line":7},"19":{"loc":{"start":{"line":11,"column":160},"end":{"line":11,"column":207}},"type":"binary-expr","locations":[{"start":{"line":11,"column":160},"end":{"line":11,"column":175}},{"start":{"line":11,"column":179},"end":{"line":11,"column":207}}],"line":11},"20":{"loc":{"start":{"line":38,"column":8},"end":{"line":54,"column":9}},"type":"if","locations":[{"start":{"line":38,"column":8},"end":{"line":54,"column":9}},{"start":{"line":38,"column":8},"end":{"line":54,"column":9}}],"line":38}},"s":{"0":1,"1":1,"2":1,"3":3,"4":3,"5":3,"6":3,"7":3,"8":3,"9":1,"10":1,"11":1,"12":1,"13":0,"14":1,"15":1,"16":1,"17":1,"18":1,"19":1,"20":1,"21":1,"22":1,"23":1,"24":1,"25":1,"26":1,"27":1,"28":1,"29":0,"30":0,"31":0,"32":0,"33":0,"34":0,"35":0,"36":4,"37":0,"38":0,"39":0,"40":0,"41":0,"42":1,"43":0,"44":1,"45":1,"46":1,"47":1,"48":1,"49":0,"50":0,"51":1,"52":0,"53":0,"54":0,"55":0,"56":1,"57":0,"58":0,"59":1,"60":0,"61":0,"62":0,"63":0,"64":0,"65":0,"66":0,"67":0,"68":0,"69":0,"70":0,"71":0,"72":0,"73":0,"74":1,"75":1,"76":0,"77":0,"78":1},"f":{"0":1,"1":1,"2":1,"3":1,"4":4,"5":0,"6":0,"7":1,"8":1,"9":0,"10":1,"11":0,"12":1,"13":0,"14":1,"15":0,"16":0,"17":0,"18":0,"19":0,"20":0,"21":0,"22":0,"23":0,"24":0,"25":0},"b":{"0":[3,3],"1":[3,0],"2":[1,0],"3":[0,1],"4":[1,0],"5":[1,1],"6":[0,0],"7":[0,0],"8":[3,1],"9":[4,4],"10":[0,0],"11":[0,0],"12":[0,0],"13":[0,0,0],"14":[0,1],"15":[1,0],"16":[1,1],"17":[1,0],"18":[1,0],"19":[0,0],"20":[0,0]},"_coverageSchema":"332fd63041d2c1bcb487cc26dd0d5f7d97098a6c","hash":"f810618ed47883c0d487e8567cf9efaaea38c786"}
,"C:\\Users\\577686\\Documents\\react_redux\\React\\React_Redux\\src\\components\\Item.js": {"path":"C:\\Users\\577686\\Documents\\react_redux\\React\\React_Redux\\src\\components\\Item.js","statementMap":{"0":{"start":{"line":1,"column":13},"end":{"line":1,"column":75}},"1":{"start":{"line":1,"column":94},"end":{"line":1,"column":623}},"2":{"start":{"line":1,"column":149},"end":{"line":1,"column":414}},"3":{"start":{"line":1,"column":206},"end":{"line":1,"column":214}},"4":{"start":{"line":1,"column":215},"end":{"line":1,"column":270}},"5":{"start":{"line":1,"column":270},"end":{"line":1,"column":301}},"6":{"start":{"line":1,"column":301},"end":{"line":1,"column":355}},"7":{"start":{"line":1,"column":328},"end":{"line":1,"column":355}},"8":{"start":{"line":1,"column":355},"end":{"line":1,"column":413}},"9":{"start":{"line":1,"column":415},"end":{"line":1,"column":620}},"10":{"start":{"line":1,"column":471},"end":{"line":1,"column":539}},"11":{"start":{"line":1,"column":487},"end":{"line":1,"column":539}},"12":{"start":{"line":1,"column":539},"end":{"line":1,"column":599}},"13":{"start":{"line":1,"column":556},"end":{"line":1,"column":599}},"14":{"start":{"line":1,"column":599},"end":{"line":1,"column":618}},"15":{"start":{"line":1,"column":637},"end":{"line":1,"column":653}},"16":{"start":{"line":1,"column":668},"end":{"line":1,"column":698}},"17":{"start":{"line":2,"column":18},"end":{"line":2,"column":40}},"18":{"start":{"line":3,"column":13},"end":{"line":3,"column":29}},"19":{"start":{"line":4,"column":18},"end":{"line":4,"column":49}},"20":{"start":{"line":4,"column":67},"end":{"line":4,"column":103}},"21":{"start":{"line":5,"column":14},"end":{"line":5,"column":33}},"22":{"start":{"line":5,"column":49},"end":{"line":5,"column":80}},"23":{"start":{"line":6,"column":19},"end":{"line":6,"column":42}},"24":{"start":{"line":6,"column":82},"end":{"line":6,"column":301}},"25":{"start":{"line":6,"column":110},"end":{"line":6,"column":121}},"26":{"start":{"line":6,"column":142},"end":{"line":6,"column":144}},"27":{"start":{"line":6,"column":145},"end":{"line":6,"column":262}},"28":{"start":{"line":6,"column":163},"end":{"line":6,"column":261}},"29":{"start":{"line":6,"column":185},"end":{"line":6,"column":260}},"30":{"start":{"line":6,"column":237},"end":{"line":6,"column":260}},"31":{"start":{"line":6,"column":262},"end":{"line":6,"column":286}},"32":{"start":{"line":6,"column":286},"end":{"line":6,"column":300}},"33":{"start":{"line":6,"column":340},"end":{"line":6,"column":396}},"34":{"start":{"line":6,"column":446},"end":{"line":6,"column":545}},"35":{"start":{"line":6,"column":487},"end":{"line":6,"column":544}},"36":{"start":{"line":6,"column":595},"end":{"line":6,"column":694}},"37":{"start":{"line":6,"column":607},"end":{"line":6,"column":693}},"38":{"start":{"line":6,"column":694},"end":{"line":6,"column":780}},"39":{"start":{"line":6,"column":823},"end":{"line":6,"column":986}},"40":{"start":{"line":6,"column":885},"end":{"line":6,"column":985}},"41":{"start":{"line":6,"column":986},"end":{"line":6,"column":1150}},"42":{"start":{"line":6,"column":1150},"end":{"line":6,"column":1268}},"43":{"start":{"line":6,"column":1166},"end":{"line":6,"column":1268}},"44":{"start":{"line":7,"column":7},"end":{"line":30,"column":78}},"45":{"start":{"line":7,"column":36},"end":{"line":7,"column":70}},"46":{"start":{"line":7,"column":87},"end":{"line":7,"column":115}},"47":{"start":{"line":7,"column":115},"end":{"line":7,"column":227}},"48":{"start":{"line":7,"column":228},"end":{"line":30,"column":35}},"49":{"start":{"line":9,"column":29},"end":{"line":9,"column":33}},"50":{"start":{"line":10,"column":16},"end":{"line":19,"column":17}},"51":{"start":{"line":11,"column":20},"end":{"line":11,"column":227}},"52":{"start":{"line":13,"column":20},"end":{"line":17,"column":202}},"53":{"start":{"line":20,"column":16},"end":{"line":25,"column":43}},"54":{"start":{"line":30,"column":13},"end":{"line":30,"column":27}},"55":{"start":{"line":30,"column":35},"end":{"line":30,"column":47}},"56":{"start":{"line":33,"column":4},"end":{"line":34,"column":27}},"57":{"start":{"line":38,"column":4},"end":{"line":39,"column":71}},"58":{"start":{"line":43,"column":1},"end":{"line":44,"column":68}}},"fnMap":{"0":{"name":"(anonymous_0)","decl":{"start":{"line":1,"column":94},"end":{"line":1,"column":95}},"loc":{"start":{"line":1,"column":106},"end":{"line":1,"column":621}},"line":1},"1":{"name":"defineProperties","decl":{"start":{"line":1,"column":116},"end":{"line":1,"column":132}},"loc":{"start":{"line":1,"column":148},"end":{"line":1,"column":415}},"line":1},"2":{"name":"(anonymous_2)","decl":{"start":{"line":1,"column":422},"end":{"line":1,"column":423}},"loc":{"start":{"line":1,"column":470},"end":{"line":1,"column":619}},"line":1},"3":{"name":"_interopRequireWildcard","decl":{"start":{"line":6,"column":52},"end":{"line":6,"column":75}},"loc":{"start":{"line":6,"column":81},"end":{"line":6,"column":302}},"line":6},"4":{"name":"_interopRequireDefault","decl":{"start":{"line":6,"column":311},"end":{"line":6,"column":333}},"loc":{"start":{"line":6,"column":339},"end":{"line":6,"column":397}},"line":6},"5":{"name":"_classCallCheck","decl":{"start":{"line":6,"column":406},"end":{"line":6,"column":421}},"loc":{"start":{"line":6,"column":445},"end":{"line":6,"column":546}},"line":6},"6":{"name":"_possibleConstructorReturn","decl":{"start":{"line":6,"column":555},"end":{"line":6,"column":581}},"loc":{"start":{"line":6,"column":594},"end":{"line":6,"column":781}},"line":6},"7":{"name":"_inherits","decl":{"start":{"line":6,"column":790},"end":{"line":6,"column":799}},"loc":{"start":{"line":6,"column":822},"end":{"line":6,"column":1269}},"line":6},"8":{"name":"(anonymous_8)","decl":{"start":{"line":7,"column":7},"end":{"line":7,"column":8}},"loc":{"start":{"line":7,"column":35},"end":{"line":30,"column":48}},"line":7},"9":{"name":"Item","decl":{"start":{"line":7,"column":79},"end":{"line":7,"column":83}},"loc":{"start":{"line":7,"column":86},"end":{"line":7,"column":228}},"line":7},"10":{"name":"(anonymous_10)","decl":{"start":{"line":7,"column":272},"end":{"line":7,"column":273}},"loc":{"start":{"line":7,"column":284},"end":{"line":30,"column":28}},"line":7},"11":{"name":"render","decl":{"start":{"line":7,"column":294},"end":{"line":7,"column":300}},"loc":{"start":{"line":8,"column":12},"end":{"line":30,"column":13}},"line":8},"12":{"name":"mapStateToProps","decl":{"start":{"line":32,"column":9},"end":{"line":32,"column":24}},"loc":{"start":{"line":32,"column":32},"end":{"line":36,"column":1}},"line":32},"13":{"name":"mapDispatchToProps","decl":{"start":{"line":37,"column":9},"end":{"line":37,"column":27}},"loc":{"start":{"line":37,"column":38},"end":{"line":43,"column":1}},"line":37}},"branchMap":{"0":{"loc":{"start":{"line":1,"column":239},"end":{"line":1,"column":269}},"type":"binary-expr","locations":[{"start":{"line":1,"column":239},"end":{"line":1,"column":260}},{"start":{"line":1,"column":264},"end":{"line":1,"column":269}}],"line":1},"1":{"loc":{"start":{"line":1,"column":301},"end":{"line":1,"column":355}},"type":"if","locations":[{"start":{"line":1,"column":301},"end":{"line":1,"column":355}},{"start":{"line":1,"column":301},"end":{"line":1,"column":355}}],"line":1},"2":{"loc":{"start":{"line":1,"column":471},"end":{"line":1,"column":539}},"type":"if","locations":[{"start":{"line":1,"column":471},"end":{"line":1,"column":539}},{"start":{"line":1,"column":471},"end":{"line":1,"column":539}}],"line":1},"3":{"loc":{"start":{"line":1,"column":539},"end":{"line":1,"column":599}},"type":"if","locations":[{"start":{"line":1,"column":539},"end":{"line":1,"column":599}},{"start":{"line":1,"column":539},"end":{"line":1,"column":599}}],"line":1},"4":{"loc":{"start":{"line":6,"column":82},"end":{"line":6,"column":301}},"type":"if","locations":[{"start":{"line":6,"column":82},"end":{"line":6,"column":301}},{"start":{"line":6,"column":82},"end":{"line":6,"column":301}}],"line":6},"5":{"loc":{"start":{"line":6,"column":86},"end":{"line":6,"column":107}},"type":"binary-expr","locations":[{"start":{"line":6,"column":86},"end":{"line":6,"column":89}},{"start":{"line":6,"column":93},"end":{"line":6,"column":107}}],"line":6},"6":{"loc":{"start":{"line":6,"column":145},"end":{"line":6,"column":262}},"type":"if","locations":[{"start":{"line":6,"column":145},"end":{"line":6,"column":262}},{"start":{"line":6,"column":145},"end":{"line":6,"column":262}}],"line":6},"7":{"loc":{"start":{"line":6,"column":185},"end":{"line":6,"column":260}},"type":"if","locations":[{"start":{"line":6,"column":185},"end":{"line":6,"column":260}},{"start":{"line":6,"column":185},"end":{"line":6,"column":260}}],"line":6},"8":{"loc":{"start":{"line":6,"column":347},"end":{"line":6,"column":395}},"type":"cond-expr","locations":[{"start":{"line":6,"column":371},"end":{"line":6,"column":374}},{"start":{"line":6,"column":377},"end":{"line":6,"column":395}}],"line":6},"9":{"loc":{"start":{"line":6,"column":347},"end":{"line":6,"column":368}},"type":"binary-expr","locations":[{"start":{"line":6,"column":347},"end":{"line":6,"column":350}},{"start":{"line":6,"column":354},"end":{"line":6,"column":368}}],"line":6},"10":{"loc":{"start":{"line":6,"column":446},"end":{"line":6,"column":545}},"type":"if","locations":[{"start":{"line":6,"column":446},"end":{"line":6,"column":545}},{"start":{"line":6,"column":446},"end":{"line":6,"column":545}}],"line":6},"11":{"loc":{"start":{"line":6,"column":595},"end":{"line":6,"column":694}},"type":"if","locations":[{"start":{"line":6,"column":595},"end":{"line":6,"column":694}},{"start":{"line":6,"column":595},"end":{"line":6,"column":694}}],"line":6},"12":{"loc":{"start":{"line":6,"column":701},"end":{"line":6,"column":779}},"type":"cond-expr","locations":[{"start":{"line":6,"column":768},"end":{"line":6,"column":772}},{"start":{"line":6,"column":775},"end":{"line":6,"column":779}}],"line":6},"13":{"loc":{"start":{"line":6,"column":701},"end":{"line":6,"column":765}},"type":"binary-expr","locations":[{"start":{"line":6,"column":701},"end":{"line":6,"column":705}},{"start":{"line":6,"column":710},"end":{"line":6,"column":734}},{"start":{"line":6,"column":738},"end":{"line":6,"column":764}}],"line":6},"14":{"loc":{"start":{"line":6,"column":823},"end":{"line":6,"column":986}},"type":"if","locations":[{"start":{"line":6,"column":823},"end":{"line":6,"column":986}},{"start":{"line":6,"column":823},"end":{"line":6,"column":986}}],"line":6},"15":{"loc":{"start":{"line":6,"column":827},"end":{"line":6,"column":882}},"type":"binary-expr","locations":[{"start":{"line":6,"column":827},"end":{"line":6,"column":859}},{"start":{"line":6,"column":863},"end":{"line":6,"column":882}}],"line":6},"16":{"loc":{"start":{"line":6,"column":1021},"end":{"line":6,"column":1055}},"type":"binary-expr","locations":[{"start":{"line":6,"column":1021},"end":{"line":6,"column":1031}},{"start":{"line":6,"column":1035},"end":{"line":6,"column":1055}}],"line":6},"17":{"loc":{"start":{"line":6,"column":1150},"end":{"line":6,"column":1268}},"type":"if","locations":[{"start":{"line":6,"column":1150},"end":{"line":6,"column":1268}},{"start":{"line":6,"column":1150},"end":{"line":6,"column":1268}}],"line":6},"18":{"loc":{"start":{"line":6,"column":1166},"end":{"line":6,"column":1267}},"type":"cond-expr","locations":[{"start":{"line":6,"column":1190},"end":{"line":6,"column":1233}},{"start":{"line":6,"column":1236},"end":{"line":6,"column":1267}}],"line":6},"19":{"loc":{"start":{"line":7,"column":156},"end":{"line":7,"column":201}},"type":"binary-expr","locations":[{"start":{"line":7,"column":156},"end":{"line":7,"column":170}},{"start":{"line":7,"column":174},"end":{"line":7,"column":201}}],"line":7},"20":{"loc":{"start":{"line":10,"column":16},"end":{"line":19,"column":17}},"type":"if","locations":[{"start":{"line":10,"column":16},"end":{"line":19,"column":17}},{"start":{"line":10,"column":16},"end":{"line":19,"column":17}}],"line":10}},"s":{"0":1,"1":1,"2":1,"3":1,"4":1,"5":1,"6":1,"7":1,"8":1,"9":1,"10":1,"11":1,"12":1,"13":0,"14":1,"15":1,"16":1,"17":1,"18":1,"19":1,"20":1,"21":1,"22":1,"23":1,"24":1,"25":1,"26":0,"27":0,"28":0,"29":0,"30":0,"31":0,"32":0,"33":2,"34":0,"35":0,"36":0,"37":0,"38":0,"39":1,"40":0,"41":1,"42":1,"43":1,"44":1,"45":1,"46":0,"47":0,"48":1,"49":0,"50":0,"51":0,"52":0,"53":0,"54":1,"55":1,"56":0,"57":0,"58":1},"f":{"0":1,"1":1,"2":1,"3":1,"4":2,"5":0,"6":0,"7":1,"8":1,"9":0,"10":1,"11":0,"12":0,"13":0},"b":{"0":[1,1],"1":[1,0],"2":[1,0],"3":[0,1],"4":[1,0],"5":[1,1],"6":[0,0],"7":[0,0],"8":[1,1],"9":[2,2],"10":[0,0],"11":[0,0],"12":[0,0],"13":[0,0,0],"14":[0,1],"15":[1,0],"16":[1,1],"17":[1,0],"18":[1,0],"19":[0,0],"20":[0,0]},"_coverageSchema":"332fd63041d2c1bcb487cc26dd0d5f7d97098a6c","hash":"35a98882a2ee21b2ffac9ee3dd0d0d77acfc8b66"}
,"C:\\Users\\577686\\Documents\\react_redux\\React\\React_Redux\\src\\components\\Result.js": {"path":"C:\\Users\\577686\\Documents\\react_redux\\React\\React_Redux\\src\\components\\Result.js","statementMap":{"0":{"start":{"line":1,"column":13},"end":{"line":1,"column":75}},"1":{"start":{"line":1,"column":94},"end":{"line":1,"column":623}},"2":{"start":{"line":1,"column":149},"end":{"line":1,"column":414}},"3":{"start":{"line":1,"column":206},"end":{"line":1,"column":214}},"4":{"start":{"line":1,"column":215},"end":{"line":1,"column":270}},"5":{"start":{"line":1,"column":270},"end":{"line":1,"column":301}},"6":{"start":{"line":1,"column":301},"end":{"line":1,"column":355}},"7":{"start":{"line":1,"column":328},"end":{"line":1,"column":355}},"8":{"start":{"line":1,"column":355},"end":{"line":1,"column":413}},"9":{"start":{"line":1,"column":415},"end":{"line":1,"column":620}},"10":{"start":{"line":1,"column":471},"end":{"line":1,"column":539}},"11":{"start":{"line":1,"column":487},"end":{"line":1,"column":539}},"12":{"start":{"line":1,"column":539},"end":{"line":1,"column":599}},"13":{"start":{"line":1,"column":556},"end":{"line":1,"column":599}},"14":{"start":{"line":1,"column":599},"end":{"line":1,"column":618}},"15":{"start":{"line":1,"column":637},"end":{"line":1,"column":653}},"16":{"start":{"line":1,"column":668},"end":{"line":1,"column":698}},"17":{"start":{"line":2,"column":14},"end":{"line":2,"column":33}},"18":{"start":{"line":2,"column":49},"end":{"line":2,"column":80}},"19":{"start":{"line":2,"column":119},"end":{"line":2,"column":175}},"20":{"start":{"line":2,"column":225},"end":{"line":2,"column":324}},"21":{"start":{"line":2,"column":266},"end":{"line":2,"column":323}},"22":{"start":{"line":2,"column":374},"end":{"line":2,"column":473}},"23":{"start":{"line":2,"column":386},"end":{"line":2,"column":472}},"24":{"start":{"line":2,"column":473},"end":{"line":2,"column":559}},"25":{"start":{"line":2,"column":602},"end":{"line":2,"column":765}},"26":{"start":{"line":2,"column":664},"end":{"line":2,"column":764}},"27":{"start":{"line":2,"column":765},"end":{"line":2,"column":929}},"28":{"start":{"line":2,"column":929},"end":{"line":2,"column":1047}},"29":{"start":{"line":2,"column":945},"end":{"line":2,"column":1047}},"30":{"start":{"line":3,"column":9},"end":{"line":11,"column":80}},"31":{"start":{"line":3,"column":38},"end":{"line":3,"column":74}},"32":{"start":{"line":3,"column":93},"end":{"line":3,"column":123}},"33":{"start":{"line":3,"column":123},"end":{"line":3,"column":239}},"34":{"start":{"line":3,"column":240},"end":{"line":11,"column":35}},"35":{"start":{"line":5,"column":16},"end":{"line":7,"column":96}},"36":{"start":{"line":11,"column":13},"end":{"line":11,"column":27}},"37":{"start":{"line":11,"column":35},"end":{"line":11,"column":49}},"38":{"start":{"line":11,"column":81},"end":{"line":11,"column":109}}},"fnMap":{"0":{"name":"(anonymous_0)","decl":{"start":{"line":1,"column":94},"end":{"line":1,"column":95}},"loc":{"start":{"line":1,"column":106},"end":{"line":1,"column":621}},"line":1},"1":{"name":"defineProperties","decl":{"start":{"line":1,"column":116},"end":{"line":1,"column":132}},"loc":{"start":{"line":1,"column":148},"end":{"line":1,"column":415}},"line":1},"2":{"name":"(anonymous_2)","decl":{"start":{"line":1,"column":422},"end":{"line":1,"column":423}},"loc":{"start":{"line":1,"column":470},"end":{"line":1,"column":619}},"line":1},"3":{"name":"_interopRequireDefault","decl":{"start":{"line":2,"column":90},"end":{"line":2,"column":112}},"loc":{"start":{"line":2,"column":118},"end":{"line":2,"column":176}},"line":2},"4":{"name":"_classCallCheck","decl":{"start":{"line":2,"column":185},"end":{"line":2,"column":200}},"loc":{"start":{"line":2,"column":224},"end":{"line":2,"column":325}},"line":2},"5":{"name":"_possibleConstructorReturn","decl":{"start":{"line":2,"column":334},"end":{"line":2,"column":360}},"loc":{"start":{"line":2,"column":373},"end":{"line":2,"column":560}},"line":2},"6":{"name":"_inherits","decl":{"start":{"line":2,"column":569},"end":{"line":2,"column":578}},"loc":{"start":{"line":2,"column":601},"end":{"line":2,"column":1048}},"line":2},"7":{"name":"(anonymous_7)","decl":{"start":{"line":3,"column":9},"end":{"line":3,"column":10}},"loc":{"start":{"line":3,"column":37},"end":{"line":11,"column":50}},"line":3},"8":{"name":"Result","decl":{"start":{"line":3,"column":83},"end":{"line":3,"column":89}},"loc":{"start":{"line":3,"column":92},"end":{"line":3,"column":240}},"line":3},"9":{"name":"(anonymous_9)","decl":{"start":{"line":3,"column":286},"end":{"line":3,"column":287}},"loc":{"start":{"line":3,"column":298},"end":{"line":11,"column":28}},"line":3},"10":{"name":"render","decl":{"start":{"line":3,"column":308},"end":{"line":3,"column":314}},"loc":{"start":{"line":4,"column":12},"end":{"line":11,"column":13}},"line":4}},"branchMap":{"0":{"loc":{"start":{"line":1,"column":239},"end":{"line":1,"column":269}},"type":"binary-expr","locations":[{"start":{"line":1,"column":239},"end":{"line":1,"column":260}},{"start":{"line":1,"column":264},"end":{"line":1,"column":269}}],"line":1},"1":{"loc":{"start":{"line":1,"column":301},"end":{"line":1,"column":355}},"type":"if","locations":[{"start":{"line":1,"column":301},"end":{"line":1,"column":355}},{"start":{"line":1,"column":301},"end":{"line":1,"column":355}}],"line":1},"2":{"loc":{"start":{"line":1,"column":471},"end":{"line":1,"column":539}},"type":"if","locations":[{"start":{"line":1,"column":471},"end":{"line":1,"column":539}},{"start":{"line":1,"column":471},"end":{"line":1,"column":539}}],"line":1},"3":{"loc":{"start":{"line":1,"column":539},"end":{"line":1,"column":599}},"type":"if","locations":[{"start":{"line":1,"column":539},"end":{"line":1,"column":599}},{"start":{"line":1,"column":539},"end":{"line":1,"column":599}}],"line":1},"4":{"loc":{"start":{"line":2,"column":126},"end":{"line":2,"column":174}},"type":"cond-expr","locations":[{"start":{"line":2,"column":150},"end":{"line":2,"column":153}},{"start":{"line":2,"column":156},"end":{"line":2,"column":174}}],"line":2},"5":{"loc":{"start":{"line":2,"column":126},"end":{"line":2,"column":147}},"type":"binary-expr","locations":[{"start":{"line":2,"column":126},"end":{"line":2,"column":129}},{"start":{"line":2,"column":133},"end":{"line":2,"column":147}}],"line":2},"6":{"loc":{"start":{"line":2,"column":225},"end":{"line":2,"column":324}},"type":"if","locations":[{"start":{"line":2,"column":225},"end":{"line":2,"column":324}},{"start":{"line":2,"column":225},"end":{"line":2,"column":324}}],"line":2},"7":{"loc":{"start":{"line":2,"column":374},"end":{"line":2,"column":473}},"type":"if","locations":[{"start":{"line":2,"column":374},"end":{"line":2,"column":473}},{"start":{"line":2,"column":374},"end":{"line":2,"column":473}}],"line":2},"8":{"loc":{"start":{"line":2,"column":480},"end":{"line":2,"column":558}},"type":"cond-expr","locations":[{"start":{"line":2,"column":547},"end":{"line":2,"column":551}},{"start":{"line":2,"column":554},"end":{"line":2,"column":558}}],"line":2},"9":{"loc":{"start":{"line":2,"column":480},"end":{"line":2,"column":544}},"type":"binary-expr","locations":[{"start":{"line":2,"column":480},"end":{"line":2,"column":484}},{"start":{"line":2,"column":489},"end":{"line":2,"column":513}},{"start":{"line":2,"column":517},"end":{"line":2,"column":543}}],"line":2},"10":{"loc":{"start":{"line":2,"column":602},"end":{"line":2,"column":765}},"type":"if","locations":[{"start":{"line":2,"column":602},"end":{"line":2,"column":765}},{"start":{"line":2,"column":602},"end":{"line":2,"column":765}}],"line":2},"11":{"loc":{"start":{"line":2,"column":606},"end":{"line":2,"column":661}},"type":"binary-expr","locations":[{"start":{"line":2,"column":606},"end":{"line":2,"column":638}},{"start":{"line":2,"column":642},"end":{"line":2,"column":661}}],"line":2},"12":{"loc":{"start":{"line":2,"column":800},"end":{"line":2,"column":834}},"type":"binary-expr","locations":[{"start":{"line":2,"column":800},"end":{"line":2,"column":810}},{"start":{"line":2,"column":814},"end":{"line":2,"column":834}}],"line":2},"13":{"loc":{"start":{"line":2,"column":929},"end":{"line":2,"column":1047}},"type":"if","locations":[{"start":{"line":2,"column":929},"end":{"line":2,"column":1047}},{"start":{"line":2,"column":929},"end":{"line":2,"column":1047}}],"line":2},"14":{"loc":{"start":{"line":2,"column":945},"end":{"line":2,"column":1046}},"type":"cond-expr","locations":[{"start":{"line":2,"column":969},"end":{"line":2,"column":1012}},{"start":{"line":2,"column":1015},"end":{"line":2,"column":1046}}],"line":2},"15":{"loc":{"start":{"line":3,"column":164},"end":{"line":3,"column":213}},"type":"binary-expr","locations":[{"start":{"line":3,"column":164},"end":{"line":3,"column":180}},{"start":{"line":3,"column":184},"end":{"line":3,"column":213}}],"line":3}},"s":{"0":2,"1":2,"2":2,"3":2,"4":2,"5":2,"6":2,"7":2,"8":2,"9":2,"10":2,"11":2,"12":2,"13":0,"14":2,"15":2,"16":2,"17":2,"18":2,"19":4,"20":1,"21":0,"22":1,"23":0,"24":1,"25":2,"26":0,"27":2,"28":2,"29":2,"30":2,"31":2,"32":1,"33":1,"34":2,"35":1,"36":2,"37":2,"38":2},"f":{"0":2,"1":2,"2":2,"3":4,"4":1,"5":1,"6":2,"7":2,"8":1,"9":2,"10":1},"b":{"0":[2,2],"1":[2,0],"2":[2,0],"3":[0,2],"4":[2,2],"5":[4,4],"6":[0,1],"7":[0,1],"8":[0,1],"9":[1,0,0],"10":[0,2],"11":[2,0],"12":[2,2],"13":[2,0],"14":[2,0],"15":[1,0]},"_coverageSchema":"332fd63041d2c1bcb487cc26dd0d5f7d97098a6c","hash":"73834c0c66102b0bf9335ffe7124556cba94f510"}
}
