TN:
SF:C:\Users\577686\Documents\react_redux\React\React_Redux\src\action\userAction.js
FN:17,_interopRequireDefault
FN:17,addNewUser
FN:17,(anonymous_2)
FN:17,(anonymous_3)
FN:17,(anonymous_4)
FN:17,logoutUser
FN:18,(anonymous_6)
FN:21,(anonymous_7)
FN:24,(anonymous_8)
FNF:9
FNH:1
FNDA:1,_interopRequireDefault
FNDA:0,addNewUser
FNDA:0,(anonymous_2)
FNDA:0,(anonymous_3)
FNDA:0,(anonymous_4)
FNDA:0,logoutUser
FNDA:0,(anonymous_6)
FNDA:0,(anonymous_7)
FNDA:0,(anonymous_8)
DA:1,1
DA:3,1
DA:17,1
DA:18,0
DA:20,0
DA:22,0
DA:25,0
LF:7
LH:3
BRDA:17,0,0,0
BRDA:17,0,1,1
BRDA:17,1,0,1
BRDA:17,1,1,1
BRF:4
BRH:3
end_of_record
TN:
SF:C:\Users\577686\Documents\react_redux\React\React_Redux\src\components\Header.js
FN:1,(anonymous_0)
FN:1,defineProperties
FN:1,(anonymous_2)
FN:2,_interopRequireDefault
FN:2,_classCallCheck
FN:2,_possibleConstructorReturn
FN:2,_inherits
FN:4,(anonymous_7)
FN:4,Header
FN:4,(anonymous_9)
FN:4,render
FNF:11
FNH:7
FNDA:2,(anonymous_0)
FNDA:2,defineProperties
FNDA:2,(anonymous_2)
FNDA:2,_interopRequireDefault
FNDA:0,_classCallCheck
FNDA:0,_possibleConstructorReturn
FNDA:2,_inherits
FNDA:2,(anonymous_7)
FNDA:0,Header
FNDA:2,(anonymous_9)
FNDA:0,render
DA:1,2
DA:2,2
DA:4,2
DA:6,0
DA:22,2
LF:5
LH:4
BRDA:1,0,0,2
BRDA:1,0,1,2
BRDA:1,1,0,2
BRDA:1,1,1,0
BRDA:1,2,0,2
BRDA:1,2,1,0
BRDA:1,3,0,0
BRDA:1,3,1,2
BRDA:2,4,0,0
BRDA:2,4,1,2
BRDA:2,5,0,2
BRDA:2,5,1,2
BRDA:2,6,0,0
BRDA:2,6,1,0
BRDA:2,7,0,0
BRDA:2,7,1,0
BRDA:2,8,0,0
BRDA:2,8,1,0
BRDA:2,9,0,0
BRDA:2,9,1,0
BRDA:2,9,2,0
BRDA:2,10,0,0
BRDA:2,10,1,2
BRDA:2,11,0,2
BRDA:2,11,1,0
BRDA:2,12,0,2
BRDA:2,12,1,2
BRDA:2,13,0,2
BRDA:2,13,1,0
BRDA:2,14,0,2
BRDA:2,14,1,0
BRDA:4,15,0,0
BRDA:4,15,1,0
BRF:33
BRH:14
end_of_record
TN:
SF:C:\Users\577686\Documents\react_redux\React\React_Redux\src\components\Input.js
FN:1,(anonymous_0)
FN:1,defineProperties
FN:1,(anonymous_2)
FN:7,_interopRequireWildcard
FN:7,_interopRequireDefault
FN:7,_classCallCheck
FN:7,_possibleConstructorReturn
FN:7,_inherits
FN:11,(anonymous_8)
FN:11,Input
FN:11,(anonymous_10)
FN:11,onClickSave
FN:24,(anonymous_12)
FN:24,logOut
FN:34,(anonymous_14)
FN:34,render
FN:41,(anonymous_16)
FN:41,ref
FN:42,(anonymous_18)
FN:42,ref
FN:43,(anonymous_20)
FN:43,ref
FN:44,(anonymous_22)
FN:44,ref
FN:65,mapStateToProps
FN:70,mapDispatchToProps
FNF:26
FNH:10
FNDA:1,(anonymous_0)
FNDA:1,defineProperties
FNDA:1,(anonymous_2)
FNDA:1,_interopRequireWildcard
FNDA:4,_interopRequireDefault
FNDA:0,_classCallCheck
FNDA:0,_possibleConstructorReturn
FNDA:1,_inherits
FNDA:1,(anonymous_8)
FNDA:0,Input
FNDA:1,(anonymous_10)
FNDA:0,onClickSave
FNDA:1,(anonymous_12)
FNDA:0,logOut
FNDA:1,(anonymous_14)
FNDA:0,render
FNDA:0,(anonymous_16)
FNDA:0,ref
FNDA:0,(anonymous_18)
FNDA:0,ref
FNDA:0,(anonymous_20)
FNDA:0,ref
FNDA:0,(anonymous_22)
FNDA:0,ref
FNDA:0,mapStateToProps
FNDA:0,mapDispatchToProps
DA:1,3
DA:2,1
DA:3,1
DA:4,1
DA:5,1
DA:6,1
DA:7,4
DA:11,1
DA:14,0
DA:15,0
DA:22,0
DA:23,0
DA:24,1
DA:26,0
DA:32,0
DA:34,1
DA:36,0
DA:37,0
DA:38,0
DA:39,0
DA:41,0
DA:42,0
DA:43,0
DA:44,0
DA:51,0
DA:55,0
DA:62,1
DA:66,0
DA:71,0
DA:76,1
LF:30
LH:12
BRDA:1,0,0,3
BRDA:1,0,1,3
BRDA:1,1,0,3
BRDA:1,1,1,0
BRDA:1,2,0,1
BRDA:1,2,1,0
BRDA:1,3,0,0
BRDA:1,3,1,1
BRDA:7,4,0,1
BRDA:7,4,1,0
BRDA:7,5,0,1
BRDA:7,5,1,1
BRDA:7,6,0,0
BRDA:7,6,1,0
BRDA:7,7,0,0
BRDA:7,7,1,0
BRDA:7,8,0,3
BRDA:7,8,1,1
BRDA:7,9,0,4
BRDA:7,9,1,4
BRDA:7,10,0,0
BRDA:7,10,1,0
BRDA:7,11,0,0
BRDA:7,11,1,0
BRDA:7,12,0,0
BRDA:7,12,1,0
BRDA:7,13,0,0
BRDA:7,13,1,0
BRDA:7,13,2,0
BRDA:7,14,0,0
BRDA:7,14,1,1
BRDA:7,15,0,1
BRDA:7,15,1,0
BRDA:7,16,0,1
BRDA:7,16,1,1
BRDA:7,17,0,1
BRDA:7,17,1,0
BRDA:7,18,0,1
BRDA:7,18,1,0
BRDA:11,19,0,0
BRDA:11,19,1,0
BRDA:38,20,0,0
BRDA:38,20,1,0
BRF:43
BRH:18
end_of_record
TN:
SF:C:\Users\577686\Documents\react_redux\React\React_Redux\src\components\Item.js
FN:1,(anonymous_0)
FN:1,defineProperties
FN:1,(anonymous_2)
FN:6,_interopRequireWildcard
FN:6,_interopRequireDefault
FN:6,_classCallCheck
FN:6,_possibleConstructorReturn
FN:6,_inherits
FN:7,(anonymous_8)
FN:7,Item
FN:7,(anonymous_10)
FN:7,render
FN:32,mapStateToProps
FN:37,mapDispatchToProps
FNF:14
FNH:8
FNDA:1,(anonymous_0)
FNDA:1,defineProperties
FNDA:1,(anonymous_2)
FNDA:1,_interopRequireWildcard
FNDA:2,_interopRequireDefault
FNDA:0,_classCallCheck
FNDA:0,_possibleConstructorReturn
FNDA:1,_inherits
FNDA:1,(anonymous_8)
FNDA:0,Item
FNDA:1,(anonymous_10)
FNDA:0,render
FNDA:0,mapStateToProps
FNDA:0,mapDispatchToProps
DA:1,1
DA:2,1
DA:3,1
DA:4,1
DA:5,1
DA:6,2
DA:7,1
DA:9,0
DA:10,0
DA:11,0
DA:13,0
DA:20,0
DA:30,1
DA:33,0
DA:38,0
DA:43,1
LF:16
LH:9
BRDA:1,0,0,1
BRDA:1,0,1,1
BRDA:1,1,0,1
BRDA:1,1,1,0
BRDA:1,2,0,1
BRDA:1,2,1,0
BRDA:1,3,0,0
BRDA:1,3,1,1
BRDA:6,4,0,1
BRDA:6,4,1,0
BRDA:6,5,0,1
BRDA:6,5,1,1
BRDA:6,6,0,0
BRDA:6,6,1,0
BRDA:6,7,0,0
BRDA:6,7,1,0
BRDA:6,8,0,1
BRDA:6,8,1,1
BRDA:6,9,0,2
BRDA:6,9,1,2
BRDA:6,10,0,0
BRDA:6,10,1,0
BRDA:6,11,0,0
BRDA:6,11,1,0
BRDA:6,12,0,0
BRDA:6,12,1,0
BRDA:6,13,0,0
BRDA:6,13,1,0
BRDA:6,13,2,0
BRDA:6,14,0,0
BRDA:6,14,1,1
BRDA:6,15,0,1
BRDA:6,15,1,0
BRDA:6,16,0,1
BRDA:6,16,1,1
BRDA:6,17,0,1
BRDA:6,17,1,0
BRDA:6,18,0,1
BRDA:6,18,1,0
BRDA:7,19,0,0
BRDA:7,19,1,0
BRDA:10,20,0,0
BRDA:10,20,1,0
BRF:43
BRH:18
end_of_record
TN:
SF:C:\Users\577686\Documents\react_redux\React\React_Redux\src\components\Result.js
FN:1,(anonymous_0)
FN:1,defineProperties
FN:1,(anonymous_2)
FN:2,_interopRequireDefault
FN:2,_classCallCheck
FN:2,_possibleConstructorReturn
FN:2,_inherits
FN:3,(anonymous_7)
FN:3,Result
FN:3,(anonymous_9)
FN:3,render
FNF:11
FNH:11
FNDA:2,(anonymous_0)
FNDA:2,defineProperties
FNDA:2,(anonymous_2)
FNDA:4,_interopRequireDefault
FNDA:1,_classCallCheck
FNDA:1,_possibleConstructorReturn
FNDA:2,_inherits
FNDA:2,(anonymous_7)
FNDA:1,Result
FNDA:2,(anonymous_9)
FNDA:1,render
DA:1,2
DA:2,4
DA:3,2
DA:5,1
DA:11,2
LF:5
LH:5
BRDA:1,0,0,2
BRDA:1,0,1,2
BRDA:1,1,0,2
BRDA:1,1,1,0
BRDA:1,2,0,2
BRDA:1,2,1,0
BRDA:1,3,0,0
BRDA:1,3,1,2
BRDA:2,4,0,2
BRDA:2,4,1,2
BRDA:2,5,0,4
BRDA:2,5,1,4
BRDA:2,6,0,0
BRDA:2,6,1,1
BRDA:2,7,0,0
BRDA:2,7,1,1
BRDA:2,8,0,0
BRDA:2,8,1,1
BRDA:2,9,0,1
BRDA:2,9,1,0
BRDA:2,9,2,0
BRDA:2,10,0,0
BRDA:2,10,1,2
BRDA:2,11,0,2
BRDA:2,11,1,0
BRDA:2,12,0,2
BRDA:2,12,1,2
BRDA:2,13,0,2
BRDA:2,13,1,0
BRDA:2,14,0,2
BRDA:2,14,1,0
BRDA:3,15,0,1
BRDA:3,15,1,0
BRF:33
BRH:20
end_of_record
